# JRE version: OpenJDK Runtime Environment Temurin-17.0.10+7 (17.0.10+7) (build 17.0.10+7)
# Java VM: OpenJDK 64-Bit Server VM Temurin-17.0.10+7 (17.0.10+7, mixed mode, emulated-client, tiered, compressed oops, compressed class ptrs, g1 gc, windows-amd64)
GC Precious Log:
 CPUs: 8 total, 8 available
 Memory: 7941M
 Large Page Support: Disabled
 NUMA Support: Disabled
 Compressed Oops: Enabled (32-bit)
 Heap Region Size: 1M
 Heap Min Capacity: 8M
 Heap Initial Capacity: 126M
 Heap Max Capacity: 512M
 Pre-touch: Disabled
 Parallel Workers: 8
 Concurrent Workers: 2
 Concurrent Refinement Workers: 8
 Periodic GC: Disabled
Heap:
 garbage-first heap   total 106496K, used 39641K [0x00000000e0000000, 0x0000000100000000)
  region size 1024K, 1 young (1024K), 0 survivors (0K)
 Metaspace       used 59301K, committed 59712K, reserved 1114112K
  class space    used 7404K, committed 7616K, reserved 1048576K
GC Heap History (20 events):
Event: 44923.687 GC heap before
{Heap before GC invocations=668 (full 605):
 garbage-first heap   total 106496K, used 39641K [0x00000000e0000000, 0x0000000100000000)
  region size 1024K, 1 young (1024K), 0 survivors (0K)
 Metaspace       used 59301K, committed 59712K, reserved 1114112K
  class space    used 7404K, committed 7616K, reserved 1048576K
}
Event: 44923.720 GC heap after
{Heap after GC invocations=669 (full 606):
 garbage-first heap   total 106496K, used 39641K [0x00000000e0000000, 0x0000000100000000)
  region size 1024K, 0 young (0K), 0 survivors (0K)
 Metaspace       used 59301K, committed 59712K, reserved 1114112K
  class space    used 7404K, committed 7616K, reserved 1048576K
}
Event: 44933.968 GC heap before
{Heap before GC invocations=669 (full 606):
 garbage-first heap   total 106496K, used 39641K [0x00000000e0000000, 0x0000000100000000)
  region size 1024K, 1 young (1024K), 0 survivors (0K)
 Metaspace       used 59301K, committed 59712K, reserved 1114112K
  class space    used 7404K, committed 7616K, reserved 1048576K
}
Event: 44934.000 GC heap after
{Heap after GC invocations=670 (full 607):
 garbage-first heap   total 106496K, used 39641K [0x00000000e0000000, 0x0000000100000000)
  region size 1024K, 0 young (0K), 0 survivors (0K)
 Metaspace       used 59301K, committed 59712K, reserved 1114112K
  class space    used 7404K, committed 7616K, reserved 1048576K
}
Event: 44944.262 GC heap before
{Heap before GC invocations=670 (full 607):
 garbage-first heap   total 106496K, used 39641K [0x00000000e0000000, 0x0000000100000000)
  region size 1024K, 1 young (1024K), 0 survivors (0K)
 Metaspace       used 59301K, committed 59712K, reserved 1114112K
  class space    used 7404K, committed 7616K, reserved 1048576K
}
Event: 44944.293 GC heap after
{Heap after GC invocations=671 (full 608):
 garbage-first heap   total 106496K, used 39641K [0x00000000e0000000, 0x0000000100000000)
  region size 1024K, 0 young (0K), 0 survivors (0K)
 Metaspace       used 59301K, committed 59712K, reserved 1114112K
  class space    used 7404K, committed 7616K, reserved 1048576K
}
Event: 44954.538 GC heap before
{Heap before GC invocations=671 (full 608):
 garbage-first heap   total 106496K, used 39641K [0x00000000e0000000, 0x0000000100000000)
  region size 1024K, 1 young (1024K), 0 survivors (0K)
 Metaspace       used 59301K, committed 59712K, reserved 1114112K
  class space    used 7404K, committed 7616K, reserved 1048576K
}
Event: 44954.566 GC heap after
{Heap after GC invocations=672 (full 609):
 garbage-first heap   total 106496K, used 39641K [0x00000000e0000000, 0x0000000100000000)
  region size 1024K, 0 young (0K), 0 survivors (0K)
 Metaspace       used 59301K, committed 59712K, reserved 1114112K
  class space    used 7404K, committed 7616K, reserved 1048576K
}
Event: 44964.805 GC heap before
{Heap before GC invocations=672 (full 609):
 garbage-first heap   total 106496K, used 39641K [0x00000000e0000000, 0x0000000100000000)
  region size 1024K, 1 young (1024K), 0 survivors (0K)
 Metaspace       used 59301K, committed 59712K, reserved 1114112K
  class space    used 7404K, committed 7616K, reserved 1048576K
}
Event: 44964.838 GC heap after
{Heap after GC invocations=673 (full 610):
 garbage-first heap   total 106496K, used 39641K [0x00000000e0000000, 0x0000000100000000)
  region size 1024K, 0 young (0K), 0 survivors (0K)
 Metaspace       used 59301K, committed 59712K, reserved 1114112K
  class space    used 7404K, committed 7616K, reserved 1048576K
}
Event: 44975.165 GC heap before
{Heap before GC invocations=673 (full 610):
 garbage-first heap   total 106496K, used 39641K [0x00000000e0000000, 0x0000000100000000)
  region size 1024K, 1 young (1024K), 0 survivors (0K)
 Metaspace       used 59301K, committed 59712K, reserved 1114112K
  class space    used 7404K, committed 7616K, reserved 1048576K
}
Event: 44975.203 GC heap after
{Heap after GC invocations=674 (full 611):
 garbage-first heap   total 106496K, used 39641K [0x00000000e0000000, 0x0000000100000000)
  region size 1024K, 0 young (0K), 0 survivors (0K)
 Metaspace       used 59301K, committed 59712K, reserved 1114112K
  class space    used 7404K, committed 7616K, reserved 1048576K
}
Event: 44985.472 GC heap before
{Heap before GC invocations=674 (full 611):
 garbage-first heap   total 106496K, used 39641K [0x00000000e0000000, 0x0000000100000000)
  region size 1024K, 1 young (1024K), 0 survivors (0K)
 Metaspace       used 59301K, committed 59712K, reserved 1114112K
  class space    used 7404K, committed 7616K, reserved 1048576K
}
Event: 44985.573 GC heap after
{Heap after GC invocations=675 (full 612):
 garbage-first heap   total 106496K, used 39641K [0x00000000e0000000, 0x0000000100000000)
  region size 1024K, 0 young (0K), 0 survivors (0K)
 Metaspace       used 59301K, committed 59712K, reserved 1114112K
  class space    used 7404K, committed 7616K, reserved 1048576K
}
Event: 44995.856 GC heap before
{Heap before GC invocations=675 (full 612):
 garbage-first heap   total 106496K, used 39641K [0x00000000e0000000, 0x0000000100000000)
  region size 1024K, 1 young (1024K), 0 survivors (0K)
 Metaspace       used 59301K, committed 59712K, reserved 1114112K
  class space    used 7404K, committed 7616K, reserved 1048576K
}
Event: 44995.892 GC heap after
{Heap after GC invocations=676 (full 613):
 garbage-first heap   total 106496K, used 39641K [0x00000000e0000000, 0x0000000100000000)
  region size 1024K, 0 young (0K), 0 survivors (0K)
 Metaspace       used 59301K, committed 59712K, reserved 1114112K
  class space    used 7404K, committed 7616K, reserved 1048576K
}
Event: 45006.149 GC heap before
{Heap before GC invocations=676 (full 613):
 garbage-first heap   total 106496K, used 39641K [0x00000000e0000000, 0x0000000100000000)
  region size 1024K, 1 young (1024K), 0 survivors (0K)
 Metaspace       used 59301K, committed 59712K, reserved 1114112K
  class space    used 7404K, committed 7616K, reserved 1048576K
}
Event: 45006.182 GC heap after
{Heap after GC invocations=677 (full 614):
 garbage-first heap   total 106496K, used 39641K [0x00000000e0000000, 0x0000000100000000)
  region size 1024K, 0 young (0K), 0 survivors (0K)
 Metaspace       used 59301K, committed 59712K, reserved 1114112K
  class space    used 7404K, committed 7616K, reserved 1048576K
}
Event: 45016.493 GC heap before
{Heap before GC invocations=677 (full 614):
 garbage-first heap   total 106496K, used 39641K [0x00000000e0000000, 0x0000000100000000)
  region size 1024K, 1 young (1024K), 0 survivors (0K)
 Metaspace       used 59301K, committed 59712K, reserved 1114112K
  class space    used 7404K, committed 7616K, reserved 1048576K
}
Event: 45016.546 GC heap after
{Heap after GC invocations=678 (full 615):
 garbage-first heap   total 106496K, used 39641K [0x00000000e0000000, 0x0000000100000000)
  region size 1024K, 0 young (0K), 0 survivors (0K)
 Metaspace       used 59301K, committed 59712K, reserved 1114112K
  class space    used 7404K, committed 7616K, reserved 1048576K
}

